<?xml version="1.0" encoding="UTF-8"?>
<!-- Generated by org.testng.reporters.JUnitXMLReporter -->
<testsuite hostname="Brij-SNH" ignored="0" name="Surefire test" tests="8" failures="0" timestamp="2022-11-17T23:26:01 IST" time="5.437" errors="0">
  <testcase name="createUserTestA" time="0.004" classname="com.xorianttest1.CreateUserPOJOTest"/>
  <testcase name="getListOfUsers" time="1.483" classname="com.xorianttest1.GetAPITest"/>
  <testcase name="getListOfUsers1" time="0.304" classname="com.xorianttest1.GetAPITest"/>
  <testcase name="getListOfUsers2" time="0.159" classname="com.xorianttest1.GetAPITest"/>
  <testcase name="getJsonPathTest" time="0.9" classname="com.xorianttest1.GetJsonPathTest"/>
  <testcase name="jsonSchemaValidationTest" time="0.9" classname="com.xorianttest1.JsonSchemaValidationTest"/>
  <testcase name="postTest" time="0.737" classname="com.xorianttest1.postTest"/>
  <testcase name="postTesttwo" time="0.589" classname="com.xorianttest1.postTest"/>
</testsuite> <!-- Surefire test -->
