<?xml version="1.0" encoding="UTF-8"?>
<testsuite xmlns:xsi="http://www.w3.org/2001/XMLSchema-instance" xsi:noNamespaceSchemaLocation="https://maven.apache.org/surefire/maven-surefire-plugin/xsd/surefire-test-report.xsd" name="TestSuite" time="6.405" tests="8" errors="0" skipped="0" failures="0">
  <properties>
[...]
</properties>
  <testcase name="createUserTestA" classname="com.xorianttest1.CreateUserPOJOTest" time="0.004"/>
  <testcase name="getListOfUsers" classname="com.xorianttest1.GetAPITest" time="1.509"/>
  <testcase name="getListOfUsers1" classname="com.xorianttest1.GetAPITest" time="0.336"/>
  <testcase name="getListOfUsers2" classname="com.xorianttest1.GetAPITest" time="0.137"/>
  <testcase name="getJsonPathTest" classname="com.xorianttest1.GetJsonPathTest" time="0.867"/>
  <testcase name="jsonSchemaValidationTest" classname="com.xorianttest1.JsonSchemaValidationTest" time="0.9"/>
  <testcase name="postTest" classname="com.xorianttest1.postTest" time="0.737"/>
  <testcase name="postTesttwo" classname="com.xorianttest1.postTest" time="0.632"/>
</testsuite>