<?xml version="1.0" encoding="UTF-8"?>
<testng-results skipped="0" failed="0" ignored="1" total="2" passed="1">
  <reporter-output>
  </reporter-output>
  <suite name="Default suite" duration-ms="2447" started-at="2022-04-28T11:33:21 IST" finished-at="2022-04-28T11:33:24 IST">
    <groups>
    </groups>
    <test name="Default test" duration-ms="2447" started-at="2022-04-28T11:33:21 IST" finished-at="2022-04-28T11:33:24 IST">
      <class name="com.xorianttest1.postTest">
        <test-method status="PASS" signature="postTest()[pri:0, instance:com.xorianttest1.postTest@4abdb505]" name="postTest" duration-ms="2419" started-at="2022-04-28T11:33:21 IST" finished-at="2022-04-28T11:33:24 IST">
          <reporter-output>
          </reporter-output>
        </test-method> <!-- postTest -->
      </class> <!-- com.xorianttest1.postTest -->
    </test> <!-- Default test -->
  </suite> <!-- Default suite -->
</testng-results>
